{
  "stats": {
    "suites": 3,
    "tests": 4,
    "passes": 3,
    "pending": 0,
    "failures": 1,
    "start": "2021-02-23T21:48:44.595Z",
    "end": "2021-02-23T21:50:39.478Z",
    "duration": 114883,
    "testsRegistered": 4,
    "passPercent": 75,
    "pendingPercent": 0,
    "other": 0,
    "hasOther": false,
    "skipped": 0,
    "hasSkipped": false
  },
  "results": [
    {
      "uuid": "2813070b-513c-4009-bc6c-96ed85189dc9",
      "title": "",
      "fullFile": "",
      "file": "",
      "beforeHooks": [],
      "afterHooks": [],
      "tests": [],
      "suites": [
        {
          "uuid": "aec02d3d-f031-4e80-b54b-963c39d8fe39",
          "title": "Login",
          "fullFile": "",
          "file": "",
          "beforeHooks": [
            {
              "title": "\"before all\" hook: codeceptjs.beforeSuite",
              "fullTitle": "Login \"before all\" hook: codeceptjs.beforeSuite",
              "timedOut": false,
              "duration": 1,
              "state": null,
              "speed": null,
              "pass": false,
              "fail": false,
              "pending": false,
              "context": null,
              "code": "scenario.suiteSetup(suite)",
              "err": {},
              "uuid": "8d4e31e8-81da-465d-9239-abdc4f64d411",
              "parentUUID": "aec02d3d-f031-4e80-b54b-963c39d8fe39",
              "isHook": true,
              "skipped": false
            },
            {
              "title": "\"before each\" hook: codeceptjs.before",
              "fullTitle": "Login \"before each\" hook: codeceptjs.before",
              "timedOut": false,
              "duration": 6245,
              "state": null,
              "speed": null,
              "pass": false,
              "fail": false,
              "pending": false,
              "context": null,
              "code": "scenario.setup(suite)",
              "err": {},
              "uuid": "1a2a434f-5278-4dd9-92b3-b3757454d5b0",
              "parentUUID": "aec02d3d-f031-4e80-b54b-963c39d8fe39",
              "isHook": true,
              "skipped": false
            }
          ],
          "afterHooks": [
            {
              "title": "\"after all\" hook: codeceptjs.afterSuite",
              "fullTitle": "Login \"after all\" hook: codeceptjs.afterSuite",
              "timedOut": false,
              "duration": 0,
              "state": null,
              "speed": null,
              "pass": false,
              "fail": false,
              "pending": false,
              "context": null,
              "code": "scenario.suiteTeardown(suite)",
              "err": {},
              "uuid": "89f6b5c8-cdbc-4a87-9ade-ed70548eb0cd",
              "parentUUID": "aec02d3d-f031-4e80-b54b-963c39d8fe39",
              "isHook": true,
              "skipped": false
            },
            {
              "title": "\"after each\" hook: codeceptjs.after",
              "fullTitle": "Login \"after each\" hook: codeceptjs.after",
              "timedOut": false,
              "duration": 1069,
              "state": null,
              "speed": null,
              "pass": false,
              "fail": false,
              "pending": false,
              "context": null,
              "code": "scenario.teardown(suite)",
              "err": {},
              "uuid": "34ea1d27-6901-4733-8a19-4e8fb9420ce6",
              "parentUUID": "aec02d3d-f031-4e80-b54b-963c39d8fe39",
              "isHook": true,
              "skipped": false
            }
          ],
          "tests": [
            {
              "title": "Login with success",
              "fullTitle": "Login Login with success",
              "timedOut": false,
              "duration": 968,
              "state": "failed",
              "speed": null,
              "pass": false,
              "fail": true,
              "pending": false,
              "context": null,
              "code": "runSteps(child.steps)",
              "err": {
                "message": "Error: Not implemented yet",
                "estack": "Not implemented yet",
                "diff": null
              },
              "uuid": "8af43f2f-4be0-4ee3-be4b-f60264d6d538",
              "parentUUID": "aec02d3d-f031-4e80-b54b-963c39d8fe39",
              "isHook": false,
              "skipped": false
            }
          ],
          "suites": [],
          "passes": [],
          "failures": [
            "8af43f2f-4be0-4ee3-be4b-f60264d6d538"
          ],
          "pending": [],
          "skipped": [],
          "duration": 968,
          "root": false,
          "rootEmpty": false,
          "_timeout": 0
        },
        {
          "uuid": "15955b0d-7a26-4bcf-b308-b03bf42e685d",
          "title": "login",
          "fullFile": "/Users/camilafonseca/Projects/codeceptjs-appium/steps/login_test.js",
          "file": "/steps/login_test.js",
          "beforeHooks": [
            {
              "title": "\"before all\" hook: codeceptjs.beforeSuite",
              "fullTitle": "login \"before all\" hook: codeceptjs.beforeSuite",
              "timedOut": false,
              "duration": 1,
              "state": null,
              "speed": null,
              "pass": false,
              "fail": false,
              "pending": false,
              "context": null,
              "code": "scenario.suiteSetup(suite)",
              "err": {},
              "uuid": "39014755-d2cd-4fb0-967d-9b901146c6bf",
              "parentUUID": "15955b0d-7a26-4bcf-b308-b03bf42e685d",
              "isHook": true,
              "skipped": false
            },
            {
              "title": "\"before all\" hook: BeforeSuite",
              "fullTitle": "login \"before all\" hook: BeforeSuite",
              "timedOut": false,
              "duration": 0,
              "state": null,
              "speed": null,
              "pass": false,
              "fail": false,
              "pending": false,
              "context": null,
              "code": "console.log('')",
              "err": {},
              "uuid": "bee6879b-396a-484d-8776-a15aa5b1c299",
              "parentUUID": "15955b0d-7a26-4bcf-b308-b03bf42e685d",
              "isHook": true,
              "skipped": false
            },
            {
              "title": "\"before each\" hook: codeceptjs.before",
              "fullTitle": "login \"before each\" hook: codeceptjs.before",
              "timedOut": false,
              "duration": 4443,
              "state": null,
              "speed": null,
              "pass": false,
              "fail": false,
              "pending": false,
              "context": null,
              "code": "scenario.setup(suite)",
              "err": {},
              "uuid": "448468d4-0ffb-4251-80eb-ba1707f14a24",
              "parentUUID": "15955b0d-7a26-4bcf-b308-b03bf42e685d",
              "isHook": true,
              "skipped": false
            },
            {
              "title": "\"before each\" hook: Before",
              "fullTitle": "login \"before each\" hook: Before",
              "timedOut": false,
              "duration": 0,
              "state": null,
              "speed": null,
              "pass": false,
              "fail": false,
              "pending": false,
              "context": null,
              "code": "console.log('')",
              "err": {},
              "uuid": "cb0029ae-8dd4-45b7-aebe-bef1a953e739",
              "parentUUID": "15955b0d-7a26-4bcf-b308-b03bf42e685d",
              "isHook": true,
              "skipped": false
            }
          ],
          "afterHooks": [
            {
              "title": "\"after all\" hook: AfterSuite",
              "fullTitle": "login \"after all\" hook: AfterSuite",
              "timedOut": false,
              "duration": 1,
              "state": null,
              "speed": null,
              "pass": false,
              "fail": false,
              "pending": false,
              "context": null,
              "code": "console.log('')",
              "err": {},
              "uuid": "2d1d2a90-752f-4082-bc0a-1298a4831757",
              "parentUUID": "15955b0d-7a26-4bcf-b308-b03bf42e685d",
              "isHook": true,
              "skipped": false
            },
            {
              "title": "\"after all\" hook: codeceptjs.afterSuite",
              "fullTitle": "login \"after all\" hook: codeceptjs.afterSuite",
              "timedOut": false,
              "duration": 1,
              "state": null,
              "speed": null,
              "pass": false,
              "fail": false,
              "pending": false,
              "context": null,
              "code": "scenario.suiteTeardown(suite)",
              "err": {},
              "uuid": "cc108035-9d7f-4aff-bf9c-a72c0fa09621",
              "parentUUID": "15955b0d-7a26-4bcf-b308-b03bf42e685d",
              "isHook": true,
              "skipped": false
            },
            {
              "title": "\"after each\" hook: After",
              "fullTitle": "login \"after each\" hook: After",
              "timedOut": false,
              "duration": 1,
              "state": null,
              "speed": null,
              "pass": false,
              "fail": false,
              "pending": false,
              "context": null,
              "code": "console.log('')",
              "err": {},
              "uuid": "a582b07b-2190-46a8-a5e9-f27b5177dbfb",
              "parentUUID": "15955b0d-7a26-4bcf-b308-b03bf42e685d",
              "isHook": true,
              "skipped": false
            },
            {
              "title": "\"after each\" hook: finalize codeceptjs",
              "fullTitle": "login \"after each\" hook: finalize codeceptjs",
              "timedOut": false,
              "duration": 1129,
              "state": null,
              "speed": null,
              "pass": false,
              "fail": false,
              "pending": false,
              "context": null,
              "code": "scenario.teardown(suite)",
              "err": {},
              "uuid": "f0051cab-3a8b-4480-a40b-092cdca117a0",
              "parentUUID": "15955b0d-7a26-4bcf-b308-b03bf42e685d",
              "isHook": true,
              "skipped": false
            }
          ],
          "tests": [
            {
              "title": "Login with success",
              "fullTitle": "login: Login with success",
              "timedOut": false,
              "duration": 20221,
              "state": "passed",
              "speed": "slow",
              "pass": true,
              "fail": false,
              "pending": false,
              "context": null,
              "code": "login_page.doLogin('teste@teste.com','123456')\n    home_page.checkLoginSuccess()",
              "err": {},
              "uuid": "8b52ef35-3889-4a65-8c1f-ba6aee206acd",
              "parentUUID": "15955b0d-7a26-4bcf-b308-b03bf42e685d",
              "isHook": false,
              "skipped": false
            },
            {
              "title": "Login with error",
              "fullTitle": "login: Login with error",
              "timedOut": false,
              "duration": 15865,
              "state": "passed",
              "speed": "slow",
              "pass": true,
              "fail": false,
              "pending": false,
              "context": null,
              "code": "login_page.doLogin('','')\n    login_page.checkLoginError()",
              "err": {},
              "uuid": "b34a8f22-9a51-4728-9918-c5af68f8de69",
              "parentUUID": "15955b0d-7a26-4bcf-b308-b03bf42e685d",
              "isHook": false,
              "skipped": false
            }
          ],
          "suites": [],
          "passes": [
            "8b52ef35-3889-4a65-8c1f-ba6aee206acd",
            "b34a8f22-9a51-4728-9918-c5af68f8de69"
          ],
          "failures": [],
          "pending": [],
          "skipped": [],
          "duration": 36086,
          "root": false,
          "rootEmpty": false,
          "_timeout": 0
        },
        {
          "uuid": "1272619b-e304-4898-8466-fc9024669d01",
          "title": "students",
          "fullFile": "/Users/camilafonseca/Projects/codeceptjs-appium/steps/students_test.js",
          "file": "/steps/students_test.js",
          "beforeHooks": [
            {
              "title": "\"before all\" hook: codeceptjs.beforeSuite",
              "fullTitle": "students \"before all\" hook: codeceptjs.beforeSuite",
              "timedOut": false,
              "duration": 0,
              "state": null,
              "speed": null,
              "pass": false,
              "fail": false,
              "pending": false,
              "context": null,
              "code": "scenario.suiteSetup(suite)",
              "err": {},
              "uuid": "7863b4de-bccc-43b7-9828-aa87b943a97b",
              "parentUUID": "1272619b-e304-4898-8466-fc9024669d01",
              "isHook": true,
              "skipped": false
            },
            {
              "title": "\"before each\" hook: codeceptjs.before",
              "fullTitle": "students \"before each\" hook: codeceptjs.before",
              "timedOut": false,
              "duration": 4939,
              "state": null,
              "speed": null,
              "pass": false,
              "fail": false,
              "pending": false,
              "context": null,
              "code": "scenario.setup(suite)",
              "err": {},
              "uuid": "41f5a51e-79e1-4bb4-85fe-02168314a3af",
              "parentUUID": "1272619b-e304-4898-8466-fc9024669d01",
              "isHook": true,
              "skipped": false
            }
          ],
          "afterHooks": [
            {
              "title": "\"after all\" hook: codeceptjs.afterSuite",
              "fullTitle": "students \"after all\" hook: codeceptjs.afterSuite",
              "timedOut": false,
              "duration": 0,
              "state": null,
              "speed": null,
              "pass": false,
              "fail": false,
              "pending": false,
              "context": null,
              "code": "scenario.suiteTeardown(suite)",
              "err": {},
              "uuid": "9ee34751-6b46-4c9d-ae6a-db3b6ed92d19",
              "parentUUID": "1272619b-e304-4898-8466-fc9024669d01",
              "isHook": true,
              "skipped": false
            },
            {
              "title": "\"after each\" hook: finalize codeceptjs",
              "fullTitle": "students \"after each\" hook: finalize codeceptjs",
              "timedOut": false,
              "duration": 1159,
              "state": null,
              "speed": null,
              "pass": false,
              "fail": false,
              "pending": false,
              "context": null,
              "code": "scenario.teardown(suite)",
              "err": {},
              "uuid": "bc25de53-fe7b-49ba-9532-b34a079e6026",
              "parentUUID": "1272619b-e304-4898-8466-fc9024669d01",
              "isHook": true,
              "skipped": false
            }
          ],
          "tests": [
            {
              "title": "Add student with success",
              "fullTitle": "students: Add student with success",
              "timedOut": false,
              "duration": 52963,
              "state": "passed",
              "speed": "slow",
              "pass": true,
              "fail": false,
              "pending": false,
              "context": null,
              "code": "login_page.doLogin('teste@teste.com','123456')\nhome_page.registerStudent('9091', 'Fernanda Silva')\nhome_page.searchStudent('Fernanda Silva', '9091')",
              "err": {},
              "uuid": "c808a4c2-d856-4ad2-9b46-f433ae4d0ef7",
              "parentUUID": "1272619b-e304-4898-8466-fc9024669d01",
              "isHook": false,
              "skipped": false
            }
          ],
          "suites": [],
          "passes": [
            "c808a4c2-d856-4ad2-9b46-f433ae4d0ef7"
          ],
          "failures": [],
          "pending": [],
          "skipped": [],
          "duration": 52963,
          "root": false,
          "rootEmpty": false,
          "_timeout": 0
        }
      ],
      "passes": [],
      "failures": [],
      "pending": [],
      "skipped": [],
      "duration": 0,
      "root": true,
      "rootEmpty": true,
      "_timeout": 0
    }
  ],
  "meta": {
    "mocha": {
      "version": "8.3.0"
    },
    "mochawesome": {
      "options": {
        "quiet": false,
        "reportFilename": "mochawesome",
        "saveHtml": true,
        "saveJson": true,
        "consoleReporter": "spec",
        "useInlineDiffs": false,
        "code": true
      },
      "version": "6.2.2"
    },
    "marge": {
      "options": {},
      "version": "5.2.0"
    }
  }
}