{
  "stats": {
    "suites": 3,
    "tests": 0,
    "passes": 0,
    "pending": 0,
    "failures": 0,
    "start": "2021-03-02T23:14:04.446Z",
    "end": "2021-03-02T23:14:04.940Z",
    "duration": 494,
    "testsRegistered": 4,
    "passPercent": 0,
    "pendingPercent": 0,
    "other": 3,
    "hasOther": true,
    "skipped": 4,
    "hasSkipped": true
  },
  "results": [
    {
      "uuid": "43965067-28d4-41b4-a639-189ed6d50548",
      "title": "",
      "fullFile": "",
      "file": "",
      "beforeHooks": [],
      "afterHooks": [],
      "tests": [],
      "suites": [
        {
          "uuid": "4514e114-261d-4c9f-8c74-6c6de83fa0ab",
          "title": "Login",
          "fullFile": "",
          "file": "",
          "beforeHooks": [
            {
              "title": "\"before all\" hook: codeceptjs.beforeSuite",
              "fullTitle": "Login \"before all\" hook: codeceptjs.beforeSuite",
              "timedOut": false,
              "duration": 9,
              "state": null,
              "speed": null,
              "pass": false,
              "fail": false,
              "pending": false,
              "context": null,
              "code": "scenario.suiteSetup(suite)",
              "err": {},
              "uuid": "8055478b-46c8-4089-9d7e-d03e2a3567c3",
              "parentUUID": "4514e114-261d-4c9f-8c74-6c6de83fa0ab",
              "isHook": true,
              "skipped": false
            },
            {
              "title": "\"before each\" hook: codeceptjs.before for \"Login with success\"",
              "fullTitle": "Login \"before each\" hook: codeceptjs.before for \"Login with success\"",
              "timedOut": false,
              "duration": 82,
              "state": "failed",
              "speed": null,
              "pass": false,
              "fail": true,
              "pending": false,
              "context": null,
              "code": "scenario.setup(suite)",
              "err": {
                "message": "Error: Can't connect to WebDriver.\nError: Failed to create session.\nUnable to connect to \"http://0.0.0.0:4723/wd/hub\", make sure browser driver is running on that address.\nIf you use services like chromedriver see initialiseServices logs above or in wdio.log file as the service might had problems to start the driver.\n\nPlease make sure Selenium Server (ChromeDriver or PhantomJS) is running and accessible",
                "estack": "Can't connect to WebDriver.\nError: Failed to create session.\nUnable to connect to \"http://0.0.0.0:4723/wd/hub\", make sure browser driver is running on that address.\nIf you use services like chromedriver see initialiseServices logs above or in wdio.log file as the service might had problems to start the driver.\n\nPlease make sure Selenium Server (ChromeDriver or PhantomJS) is running and accessible",
                "diff": null
              },
              "uuid": "44f378fa-d15b-4538-b67b-cd3c56d4094f",
              "parentUUID": "4514e114-261d-4c9f-8c74-6c6de83fa0ab",
              "isHook": true,
              "skipped": false
            }
          ],
          "afterHooks": [
            {
              "title": "\"after all\" hook: codeceptjs.afterSuite",
              "fullTitle": "Login \"after all\" hook: codeceptjs.afterSuite",
              "timedOut": false,
              "duration": 0,
              "state": null,
              "speed": null,
              "pass": false,
              "fail": false,
              "pending": false,
              "context": null,
              "code": "scenario.suiteTeardown(suite)",
              "err": {},
              "uuid": "48b0edaf-09ba-4d3a-94a7-ec88f4c36cd9",
              "parentUUID": "4514e114-261d-4c9f-8c74-6c6de83fa0ab",
              "isHook": true,
              "skipped": false
            },
            {
              "title": "\"after each\" hook: codeceptjs.after",
              "fullTitle": "Login \"after each\" hook: codeceptjs.after",
              "timedOut": false,
              "duration": 0,
              "state": null,
              "speed": null,
              "pass": false,
              "fail": false,
              "pending": false,
              "context": null,
              "code": "scenario.teardown(suite)",
              "err": {},
              "uuid": "d60bcf27-b996-4671-9eec-f83cb0139cb0",
              "parentUUID": "4514e114-261d-4c9f-8c74-6c6de83fa0ab",
              "isHook": true,
              "skipped": false
            }
          ],
          "tests": [
            {
              "title": "Login with success",
              "fullTitle": "Login Login with success",
              "timedOut": false,
              "duration": 0,
              "state": null,
              "speed": null,
              "pass": false,
              "fail": false,
              "pending": false,
              "context": null,
              "code": "runSteps(child.steps)",
              "err": {},
              "uuid": "ff71e347-01f3-452f-ab53-f8eb4d9e11c2",
              "parentUUID": "4514e114-261d-4c9f-8c74-6c6de83fa0ab",
              "isHook": false,
              "skipped": true
            }
          ],
          "suites": [],
          "passes": [],
          "failures": [],
          "pending": [],
          "skipped": [
            "ff71e347-01f3-452f-ab53-f8eb4d9e11c2"
          ],
          "duration": 0,
          "root": false,
          "rootEmpty": false,
          "_timeout": 0
        },
        {
          "uuid": "ee35330a-d758-4648-941d-71e5bb1ea411",
          "title": "login",
          "fullFile": "/Users/camilafonseca/Projects/codeceptjs-appium/steps/login_test.js",
          "file": "/steps/login_test.js",
          "beforeHooks": [
            {
              "title": "\"before all\" hook: codeceptjs.beforeSuite",
              "fullTitle": "login \"before all\" hook: codeceptjs.beforeSuite",
              "timedOut": false,
              "duration": 0,
              "state": null,
              "speed": null,
              "pass": false,
              "fail": false,
              "pending": false,
              "context": null,
              "code": "scenario.suiteSetup(suite)",
              "err": {},
              "uuid": "141d7eb8-68c1-4ac3-b1f0-5d0179dc4484",
              "parentUUID": "ee35330a-d758-4648-941d-71e5bb1ea411",
              "isHook": true,
              "skipped": false
            },
            {
              "title": "\"before all\" hook: BeforeSuite",
              "fullTitle": "login \"before all\" hook: BeforeSuite",
              "timedOut": false,
              "duration": 1,
              "state": null,
              "speed": null,
              "pass": false,
              "fail": false,
              "pending": false,
              "context": null,
              "code": "console.log('')",
              "err": {},
              "uuid": "0d3649f5-e32d-434f-a5dd-31197c614e18",
              "parentUUID": "ee35330a-d758-4648-941d-71e5bb1ea411",
              "isHook": true,
              "skipped": false
            },
            {
              "title": "\"before each\" hook: codeceptjs.before for \"Login with success\"",
              "fullTitle": "login \"before each\" hook: codeceptjs.before for \"Login with success\"",
              "timedOut": false,
              "duration": 15,
              "state": "failed",
              "speed": null,
              "pass": false,
              "fail": true,
              "pending": false,
              "context": null,
              "code": "scenario.setup(suite)",
              "err": {
                "message": "Error: Can't connect to WebDriver.\nError: Failed to create session.\nUnable to connect to \"http://0.0.0.0:4723/wd/hub\", make sure browser driver is running on that address.\nIf you use services like chromedriver see initialiseServices logs above or in wdio.log file as the service might had problems to start the driver.\n\nPlease make sure Selenium Server (ChromeDriver or PhantomJS) is running and accessible",
                "estack": "Can't connect to WebDriver.\nError: Failed to create session.\nUnable to connect to \"http://0.0.0.0:4723/wd/hub\", make sure browser driver is running on that address.\nIf you use services like chromedriver see initialiseServices logs above or in wdio.log file as the service might had problems to start the driver.\n\nPlease make sure Selenium Server (ChromeDriver or PhantomJS) is running and accessible",
                "diff": null
              },
              "uuid": "7138b979-0b4e-4444-a6e7-8b7befd1e008",
              "parentUUID": "ee35330a-d758-4648-941d-71e5bb1ea411",
              "isHook": true,
              "skipped": false
            },
            {
              "title": "\"before each\" hook: Before",
              "fullTitle": "login \"before each\" hook: Before",
              "timedOut": false,
              "duration": 0,
              "state": null,
              "speed": null,
              "pass": false,
              "fail": false,
              "pending": false,
              "context": null,
              "code": "const errHandler = (err) => {\n  recorder.session.start('teardown');\n  recorder.cleanAsyncErr();\n  event.emit(event.test.failed, suite, err);\n  if (hookName === 'after') event.emit(event.test.after, suite);\n  if (hookName === 'afterSuite') event.emit(event.suite.after, suite);\n  recorder.add(() => done(err));\n};\nrecorder.errHandler((err) => {\n  errHandler(err);\n});\nif (!fn) throw new Error('fn is not defined');\nevent.emit(event.hook.started, suite);\nif (!recorder.isRunning()) {\n  recorder.start();\n  recorder.errHandler((err) => {\n    errHandler(err);\n  });\n}\nthis.test.body = fn.toString();\nif (isAsyncFunction(fn)) {\n  fn.apply(this, getInjectedArguments(fn)).then(() => {\n    recorder.add('fire hook.passed', () => event.emit(event.hook.passed, suite));\n    recorder.add(`finish ${hookName} hook`, () => done());\n    recorder.catch();\n  }).catch((e) => {\n    recorder.throw(e);\n    recorder.catch((e) => {\n      const err = (recorder.getAsyncErr() === null) ? e : recorder.getAsyncErr();\n      errHandler(err);\n    });\n    recorder.add('fire hook.failed', () => event.emit(event.hook.failed, suite, e));\n  });\n  return;\n}\ntry {\n  fn.apply(this, getInjectedArguments(fn));\n  recorder.add('fire hook.passed', () => event.emit(event.hook.passed, suite));\n  recorder.add(`finish ${hookName} hook`, () => done());\n  recorder.catch();\n} catch (err) {\n  recorder.throw(err);\n  recorder.catch((e) => {\n    const err = (recorder.getAsyncErr() === null) ? e : recorder.getAsyncErr();\n    errHandler(err);\n  });\n  recorder.add('fire hook.failed', () => event.emit(event.hook.failed, suite, err));\n}",
              "err": {},
              "uuid": "2160ef2a-c579-44d0-84ce-ab6696270d6f",
              "parentUUID": "ee35330a-d758-4648-941d-71e5bb1ea411",
              "isHook": true,
              "skipped": false
            }
          ],
          "afterHooks": [
            {
              "title": "\"after all\" hook: AfterSuite",
              "fullTitle": "login \"after all\" hook: AfterSuite",
              "timedOut": false,
              "duration": 1,
              "state": null,
              "speed": null,
              "pass": false,
              "fail": false,
              "pending": false,
              "context": null,
              "code": "console.log('')",
              "err": {},
              "uuid": "2494e9a7-a217-4394-8570-a5b785b1f6e6",
              "parentUUID": "ee35330a-d758-4648-941d-71e5bb1ea411",
              "isHook": true,
              "skipped": false
            },
            {
              "title": "\"after all\" hook: codeceptjs.afterSuite",
              "fullTitle": "login \"after all\" hook: codeceptjs.afterSuite",
              "timedOut": false,
              "duration": 1,
              "state": null,
              "speed": null,
              "pass": false,
              "fail": false,
              "pending": false,
              "context": null,
              "code": "scenario.suiteTeardown(suite)",
              "err": {},
              "uuid": "2d09e92e-11af-47bb-bb32-bc5d44652a93",
              "parentUUID": "ee35330a-d758-4648-941d-71e5bb1ea411",
              "isHook": true,
              "skipped": false
            },
            {
              "title": "\"after each\" hook: After",
              "fullTitle": "login \"after each\" hook: After",
              "timedOut": false,
              "duration": 2,
              "state": null,
              "speed": null,
              "pass": false,
              "fail": false,
              "pending": false,
              "context": null,
              "code": "console.log('')",
              "err": {},
              "uuid": "2b53d7a6-ef84-4b73-91d5-47d0d07e7e17",
              "parentUUID": "ee35330a-d758-4648-941d-71e5bb1ea411",
              "isHook": true,
              "skipped": false
            },
            {
              "title": "\"after each\" hook: finalize codeceptjs",
              "fullTitle": "login \"after each\" hook: finalize codeceptjs",
              "timedOut": false,
              "duration": 0,
              "state": null,
              "speed": null,
              "pass": false,
              "fail": false,
              "pending": false,
              "context": null,
              "code": "scenario.teardown(suite)",
              "err": {},
              "uuid": "74931634-69e0-49e1-b500-d3732d29ee82",
              "parentUUID": "ee35330a-d758-4648-941d-71e5bb1ea411",
              "isHook": true,
              "skipped": false
            }
          ],
          "tests": [
            {
              "title": "Login with success",
              "fullTitle": "login: Login with success",
              "timedOut": false,
              "duration": 0,
              "state": null,
              "speed": null,
              "pass": false,
              "fail": false,
              "pending": false,
              "context": null,
              "code": "login_page.doLogin('teste@teste.com','123456')\n    home_page.checkLoginSuccess()",
              "err": {},
              "uuid": "e0b5bfb9-0a2d-43da-8cec-63c21ab13e2c",
              "parentUUID": "ee35330a-d758-4648-941d-71e5bb1ea411",
              "isHook": false,
              "skipped": true
            },
            {
              "title": "Login with error",
              "fullTitle": "login: Login with error",
              "timedOut": false,
              "duration": 0,
              "state": null,
              "speed": null,
              "pass": false,
              "fail": false,
              "pending": false,
              "context": null,
              "code": "login_page.doLogin('','')\n    login_page.checkLoginError()",
              "err": {},
              "uuid": "9ed94ada-c042-49e3-8fe0-46e2cbc5e6da",
              "parentUUID": "ee35330a-d758-4648-941d-71e5bb1ea411",
              "isHook": false,
              "skipped": true
            }
          ],
          "suites": [],
          "passes": [],
          "failures": [],
          "pending": [],
          "skipped": [
            "e0b5bfb9-0a2d-43da-8cec-63c21ab13e2c",
            "9ed94ada-c042-49e3-8fe0-46e2cbc5e6da"
          ],
          "duration": 0,
          "root": false,
          "rootEmpty": false,
          "_timeout": 0
        },
        {
          "uuid": "c9460f0e-bcc0-4ff8-931e-2a2d19a348fd",
          "title": "students",
          "fullFile": "/Users/camilafonseca/Projects/codeceptjs-appium/steps/students_test.js",
          "file": "/steps/students_test.js",
          "beforeHooks": [
            {
              "title": "\"before all\" hook: codeceptjs.beforeSuite",
              "fullTitle": "students \"before all\" hook: codeceptjs.beforeSuite",
              "timedOut": false,
              "duration": 0,
              "state": null,
              "speed": null,
              "pass": false,
              "fail": false,
              "pending": false,
              "context": null,
              "code": "scenario.suiteSetup(suite)",
              "err": {},
              "uuid": "cef7e762-dbfe-43e7-987e-341636de53aa",
              "parentUUID": "c9460f0e-bcc0-4ff8-931e-2a2d19a348fd",
              "isHook": true,
              "skipped": false
            },
            {
              "title": "\"before each\" hook: codeceptjs.before for \"Add student with success\"",
              "fullTitle": "students \"before each\" hook: codeceptjs.before for \"Add student with success\"",
              "timedOut": false,
              "duration": 32,
              "state": "failed",
              "speed": null,
              "pass": false,
              "fail": true,
              "pending": false,
              "context": null,
              "code": "scenario.setup(suite)",
              "err": {
                "message": "Error: Can't connect to WebDriver.\nError: Failed to create session.\nUnable to connect to \"http://0.0.0.0:4723/wd/hub\", make sure browser driver is running on that address.\nIf you use services like chromedriver see initialiseServices logs above or in wdio.log file as the service might had problems to start the driver.\n\nPlease make sure Selenium Server (ChromeDriver or PhantomJS) is running and accessible",
                "estack": "Can't connect to WebDriver.\nError: Failed to create session.\nUnable to connect to \"http://0.0.0.0:4723/wd/hub\", make sure browser driver is running on that address.\nIf you use services like chromedriver see initialiseServices logs above or in wdio.log file as the service might had problems to start the driver.\n\nPlease make sure Selenium Server (ChromeDriver or PhantomJS) is running and accessible",
                "diff": null
              },
              "uuid": "e7c07b15-3edd-47bf-ada9-fee847246f7a",
              "parentUUID": "c9460f0e-bcc0-4ff8-931e-2a2d19a348fd",
              "isHook": true,
              "skipped": false
            }
          ],
          "afterHooks": [
            {
              "title": "\"after all\" hook: codeceptjs.afterSuite",
              "fullTitle": "students \"after all\" hook: codeceptjs.afterSuite",
              "timedOut": false,
              "duration": 0,
              "state": null,
              "speed": null,
              "pass": false,
              "fail": false,
              "pending": false,
              "context": null,
              "code": "scenario.suiteTeardown(suite)",
              "err": {},
              "uuid": "5924ff0d-3e3f-4b12-a80f-dab54e8df8f3",
              "parentUUID": "c9460f0e-bcc0-4ff8-931e-2a2d19a348fd",
              "isHook": true,
              "skipped": false
            },
            {
              "title": "\"after each\" hook: finalize codeceptjs",
              "fullTitle": "students \"after each\" hook: finalize codeceptjs",
              "timedOut": false,
              "duration": 0,
              "state": null,
              "speed": null,
              "pass": false,
              "fail": false,
              "pending": false,
              "context": null,
              "code": "scenario.teardown(suite)",
              "err": {},
              "uuid": "8ac31f76-fc54-4aad-9769-147d7018b11b",
              "parentUUID": "c9460f0e-bcc0-4ff8-931e-2a2d19a348fd",
              "isHook": true,
              "skipped": false
            }
          ],
          "tests": [
            {
              "title": "Add student with success",
              "fullTitle": "students: Add student with success",
              "timedOut": false,
              "duration": 0,
              "state": null,
              "speed": null,
              "pass": false,
              "fail": false,
              "pending": false,
              "context": null,
              "code": "login_page.doLogin('teste@teste.com','123456')\nhome_page.registerStudent('9091', 'Fernanda Silva')\nhome_page.searchStudent('Fernanda Silva', '9091')",
              "err": {},
              "uuid": "da61c363-e260-48c6-baca-c8771b6c64d9",
              "parentUUID": "c9460f0e-bcc0-4ff8-931e-2a2d19a348fd",
              "isHook": false,
              "skipped": true
            }
          ],
          "suites": [],
          "passes": [],
          "failures": [],
          "pending": [],
          "skipped": [
            "da61c363-e260-48c6-baca-c8771b6c64d9"
          ],
          "duration": 0,
          "root": false,
          "rootEmpty": false,
          "_timeout": 0
        }
      ],
      "passes": [],
      "failures": [],
      "pending": [],
      "skipped": [],
      "duration": 0,
      "root": true,
      "rootEmpty": true,
      "_timeout": 0
    }
  ],
  "meta": {
    "mocha": {
      "version": "8.3.0"
    },
    "mochawesome": {
      "options": {
        "quiet": false,
        "reportFilename": "mochawesome",
        "saveHtml": true,
        "saveJson": true,
        "consoleReporter": "spec",
        "useInlineDiffs": false,
        "code": true
      },
      "version": "6.2.2"
    },
    "marge": {
      "options": {},
      "version": "5.2.0"
    }
  }
}